\BOOKMARK [1][-]{section.1}{\376\377\000E\000i\000n\000l\000e\000i\000t\000u\000n\000g}{}% 1
\BOOKMARK [2][-]{subsection.1.1}{\376\377\000M\000o\000t\000i\000v\000a\000t\000i\000o\000n\000,\000\040\000Z\000i\000e\000l\000s\000e\000t\000z\000u\000n\000g\000\040\000u\000n\000d\000\040\000F\000o\000k\000u\000s}{section.1}% 2
\BOOKMARK [2][-]{subsection.1.2}{\376\377\000A\000n\000f\000o\000r\000d\000e\000r\000u\000n\000g\000e\000n\000\040\000u\000n\000d\000\040\000R\000a\000h\000m\000e\000n\000b\000e\000d\000i\000n\000g\000u\000n\000g\000e\000n}{section.1}% 3
\BOOKMARK [3][-]{subsubsection.1.2.1}{\376\377\000A\000u\000f\000g\000a\000b\000e\000n\000s\000t\000e\000l\000l\000u\000n\000g}{subsection.1.2}% 4
\BOOKMARK [3][-]{subsubsection.1.2.2}{\376\377\000a\000u\000s\000\040\000d\000e\000r\000\040\000A\000u\000f\000g\000a\000b\000e\000n\000s\000t\000e\000l\000l\000u\000n\000g\000\040\000a\000b\000g\000e\000l\000e\000i\000t\000e\000t\000e\000r\000\040\000P\000r\000o\000j\000e\000k\000t\000a\000b\000l\000a\000u\000f}{subsection.1.2}% 5
\BOOKMARK [1][-]{section.2}{\376\377\000P\000l\000a\000n\000u\000n\000g}{}% 6
\BOOKMARK [2][-]{subsection.2.1}{\376\377\000S\000y\000s\000t\000e\000m\000a\000r\000c\000h\000i\000t\000e\000k\000t\000u\000r}{section.2}% 7
\BOOKMARK [3][-]{subsubsection.2.1.1}{\376\377\000U\000M\000L\000-\000K\000l\000a\000s\000s\000e\000n\000d\000i\000a\000g\000r\000a\000m\000m}{subsection.2.1}% 8
\BOOKMARK [3][-]{subsubsection.2.1.2}{\376\377\000L\000a\000y\000e\000r\000-\000M\000o\000d\000e\000l\000l}{subsection.2.1}% 9
\BOOKMARK [1][-]{section.3}{\376\377\000P\000r\000o\000j\000e\000k\000t}{}% 10
\BOOKMARK [2][-]{subsection.3.1}{\376\377\000C\000o\000d\000e}{section.3}% 11
\BOOKMARK [3][-]{subsubsection.3.1.1}{\376\377\000B\000u\000i\000l\000d\000s}{subsection.3.1}% 12
\BOOKMARK [1][-]{section.4}{\376\377\000T\000e\000s\000t\000k\000o\000n\000z\000e\000p\000t}{}% 13
\BOOKMARK [2][-]{subsection.4.1}{\376\377\000T\000e\000s\000t\000s\000t\000r\000a\000t\000e\000g\000i\000e\000\040\000\050\000H\000o\000s\000t\000/\000T\000a\000r\000g\000e\000t\000\051}{section.4}% 14
\BOOKMARK [2][-]{subsection.4.2}{\376\377\000M\000o\000c\000k\000i\000n\000g\000/\000S\000t\000u\000b\000b\000i\000n\000g}{section.4}% 15
\BOOKMARK [2][-]{subsection.4.3}{\376\377\000W\000o\000g\000t\000e\000s\000t\000-\000I\000n\000t\000e\000g\000r\000a\000t\000i\000o\000n}{section.4}% 16
\BOOKMARK [2][-]{subsection.4.4}{\376\377\000T\000e\000s\000t\000a\000u\000s\000g\000a\000b\000e}{section.4}% 17
\BOOKMARK [1][-]{section.5}{\376\377\000B\000e\000d\000i\000e\000n\000u\000n\000g\000s\000a\000n\000l\000e\000i\000t\000u\000n\000g}{}% 18
\BOOKMARK [2][-]{subsection.5.1}{\376\377\000B\000e\000i\000s\000p\000i\000e\000l\000a\000p\000p\000l\000i\000k\000a\000t\000i\000o\000n}{section.5}% 19
\BOOKMARK [2][-]{subsection.5.2}{\376\377\000h\000i\000e\000r\000\040\000L\000a\000T\000e\000X\000\040\000t\000e\000s\000t\000e\000n}{section.5}% 20
\BOOKMARK [2][-]{subsection.5.3}{}{section.5}% 21
\BOOKMARK [1][-]{section.6}{\376\377\000A\000n\000h\000a\000n\000g}{}% 22
\BOOKMARK [2][-]{subsection.6.1}{\376\377\000C\000o\000d\000e}{section.6}% 23
\BOOKMARK [3][-]{subsubsection.6.1.1}{\376\377\000K\000l\000a\000s\000s\000e\000n}{subsection.6.1}% 24
